<?xml version="1.0" encoding="UTF-8"?>
<!-- Generated by org.testng.reporters.JUnitReportReporter -->
<testsuite hostname="LAPTOP-9NEKRPJL" failures="0" tests="1" name="com.mindtree.TestCases.TC_SearchForFlats" time="28.803" errors="0" timestamp="2022-06-06T01:22:52 IST" skipped="0">
  <testcase classname="com.mindtree.TestCases.TC_SearchForFlats" name="SearchForFlats" time="28.803"/>
  <system-out/>
</testsuite> <!-- com.mindtree.TestCases.TC_SearchForFlats -->
