<?xml version="1.0" encoding="UTF-8"?>
<!-- Generated by org.testng.reporters.JUnitReportReporter -->
<testsuite hostname="mindc1d160" failures="0" tests="1" name="com.mindtree.TestCases.TC_HomePage" time="3.025" errors="0" timestamp="2022-06-06T02:01:01 IST" skipped="0">
  <testcase classname="com.mindtree.TestCases.TC_HomePage" name="homePage" time="3.025"/>
  <system-out/>
</testsuite> <!-- com.mindtree.TestCases.TC_HomePage -->
