<?xml version="1.0" encoding="UTF-8"?>
<!-- Generated by org.testng.reporters.JUnitReportReporter -->
<testsuite hostname="LAPTOP-9NEKRPJL" failures="0" tests="1" name="com.mindtree.TestCases.TC_Bookings" time="23.773" errors="0" timestamp="2022-06-06T01:22:52 IST" skipped="0">
  <testcase classname="com.mindtree.TestCases.TC_Bookings" name="bookings" time="23.773"/>
  <system-out/>
</testsuite> <!-- com.mindtree.TestCases.TC_Bookings -->
